0 info it worked if it ends with ok
1 verbose cli [ 'D:\\Program Files\\NodeJS\\node.exe',
1 verbose cli   'D:\\Program Files\\NodeJS\\node_modules\\npm\\bin\\npm-cli.js',
1 verbose cli   'start' ]
2 info using npm@3.10.10
3 info using node@v6.11.4
4 verbose run-script [ 'prestart', 'start', 'poststart' ]
5 info lifecycle project-template@0.1.0~prestart: project-template@0.1.0
6 silly lifecycle project-template@0.1.0~prestart: no script for prestart, continuing
7 info lifecycle project-template@0.1.0~start: project-template@0.1.0
8 verbose lifecycle project-template@0.1.0~start: unsafe-perm in lifecycle true
9 verbose lifecycle project-template@0.1.0~start: PATH: D:\Program Files\NodeJS\node_modules\npm\bin\node-gyp-bin;D:\ASPJ Project UI\Online\equilux\node_modules\.bin;C:\Users\beatr\AppData\Roaming\npm;D:\Program Files\NodeJS\;D:\app\beatr\product\11.2.0\dbhome_3\bin;C:\oraclexe\app\oracle\product\11.2.0\server\bin;C:\ProgramData\Oracle\Java\javapath;C:\Windows\system32;C:\Windows;C:\Windows\System32\Wbem;C:\Windows\System32\WindowsPowerShell\v1.0\;C:\Program Files (x86)\NVIDIA Corporation\PhysX\Common;C:\Program Files (x86)\Skype\Phone\;C:\Program Files\dotnet\;C:\Program Files\MySQL\MySQL Utilities 1.6\;C:\WINDOWS\system32;C:\WINDOWS;C:\WINDOWS\System32\Wbem;C:\WINDOWS\System32\WindowsPowerShell\v1.0\;D:\Program Files\NodeJS\;C:\Users\beatr\AppData\Local\Microsoft\WindowsApps;D:\Microsoft VS Code\bin;C:\Users\beatr\AppData\Local\atom\bin;D:\Program Files\NMap;C:\Users\beatr\AppData\Local\Microsoft\WindowsApps;C:\Users\beatr\AppData\Roaming\npm
10 verbose lifecycle project-template@0.1.0~start: CWD: D:\ASPJ Project UI\Online\equilux
11 silly lifecycle project-template@0.1.0~start: Args: [ '/d /s /c', 'react-scripts start' ]
12 silly lifecycle project-template@0.1.0~start: Returned: code: 1  signal: null
13 info lifecycle project-template@0.1.0~start: Failed to exec start script
14 verbose stack Error: project-template@0.1.0 start: `react-scripts start`
14 verbose stack Exit status 1
14 verbose stack     at EventEmitter.<anonymous> (D:\Program Files\NodeJS\node_modules\npm\lib\utils\lifecycle.js:255:16)
14 verbose stack     at emitTwo (events.js:106:13)
14 verbose stack     at EventEmitter.emit (events.js:191:7)
14 verbose stack     at ChildProcess.<anonymous> (D:\Program Files\NodeJS\node_modules\npm\lib\utils\spawn.js:40:14)
14 verbose stack     at emitTwo (events.js:106:13)
14 verbose stack     at ChildProcess.emit (events.js:191:7)
14 verbose stack     at maybeClose (internal/child_process.js:920:16)
14 verbose stack     at Process.ChildProcess._handle.onexit (internal/child_process.js:230:5)
15 verbose pkgid project-template@0.1.0
16 verbose cwd D:\ASPJ Project UI\Online\equilux\src\ContactUs
17 error Windows_NT 10.0.15063
18 error argv "D:\\Program Files\\NodeJS\\node.exe" "D:\\Program Files\\NodeJS\\node_modules\\npm\\bin\\npm-cli.js" "start"
19 error node v6.11.4
20 error npm  v3.10.10
21 error code ELIFECYCLE
22 error project-template@0.1.0 start: `react-scripts start`
22 error Exit status 1
23 error Failed at the project-template@0.1.0 start script 'react-scripts start'.
23 error Make sure you have the latest version of node.js and npm installed.
23 error If you do, this is most likely a problem with the project-template package,
23 error not with npm itself.
23 error Tell the author that this fails on your system:
23 error     react-scripts start
23 error You can get information on how to open an issue for this project with:
23 error     npm bugs project-template
23 error Or if that isn't available, you can get their info via:
23 error     npm owner ls project-template
23 error There is likely additional logging output above.
24 verbose exit [ 1, true ]
